<?xml version="1.0" encoding="UTF-8"?>
<!-- Generated by org.testng.reporters.JUnitReportReporter -->
<testsuite hostname="AshnaSajath" failures="0" tests="1" name="test.productstest" time="15.801" errors="0" timestamp="2024-08-21T17:42:24 IST" skipped="0">
  <testcase classname="test.productstest" name="test" time="15.801"/>
  <system-out/>
</testsuite> <!-- test.productstest -->
