<?xml version="1.0" encoding="UTF-8"?>
<!-- Generated by org.testng.reporters.JUnitReportReporter -->
<testsuite hostname="AshnaSajath" failures="0" tests="1" name="test.smartbaskettest" time="26.291" errors="0" timestamp="2024-09-07T13:08:43 IST" skipped="0">
  <testcase classname="test.smartbaskettest" name="test" time="26.291"/>
  <system-out/>
</testsuite> <!-- test.smartbaskettest -->
