<?xml version="1.0" encoding="UTF-8"?>
<!-- Generated by org.testng.reporters.JUnitReportReporter -->
<testsuite hostname="AshnaSajath" failures="0" tests="1" name="test.homepagetest" time="11.956" errors="0" timestamp="2024-08-27T18:37:39 IST" skipped="0">
  <testcase classname="test.homepagetest" name="test" time="11.956"/>
  <system-out/>
</testsuite> <!-- test.homepagetest -->
